<?xml version="1.0" encoding="UTF-8"?>
<!-- Generated by org.testng.reporters.JUnitReportReporter -->
<testsuite hostname="Poppey-sailoreman96" failures="0" tests="1" name="Com.Project.TestNG.Api" time="67.015" errors="0" timestamp="2023-06-12T11:51:37 IST" skipped="0">
  <testcase classname="Com.Project.TestNG.Api" name="print" time="67.015"/>
</testsuite> <!-- Com.Project.TestNG.Api -->
